<?xml version="1.0" encoding="UTF-8"?>
<!-- Generated by org.testng.reporters.JUnitReportReporter -->
<testsuite hostname="DESKTOP-3OLENNV" failures="0" tests="1" name="com.scotts.mygarden.test.TestLogin" time="47.001" errors="0" timestamp="29 May 2019 09:32:26 GMT" skipped="0">
  <testcase classname="com.scotts.mygarden.test.TestLogin" name="ValidLogin" time="47.001"/>
</testsuite> <!-- com.scotts.mygarden.test.TestLogin -->
