<?xml version="1.0" encoding="UTF-8"?>
<!-- Generated by org.testng.reporters.JUnitReportReporter -->
<testsuite hostname="DESKTOP-3OLENNV" failures="0" tests="2" name="com.scotts.mygarden.test.TestSignup" time="88.831" errors="0" timestamp="29 May 2019 13:38:03 GMT" skipped="0">
  <testcase classname="com.scotts.mygarden.test.TestSignup" name="GuestUserInterests" time="42.579"/>
  <testcase classname="com.scotts.mygarden.test.TestSignup" name="GuestUserSelectLessInterests" time="46.252"/>
</testsuite> <!-- com.scotts.mygarden.test.TestSignup -->
