<?xml version="1.0" encoding="UTF-8"?>
<!-- Generated by org.testng.reporters.JUnitReportReporter -->
<testsuite hostname="DESKTOP-3OLENNV" failures="0" tests="1" name="com.scotts.mygarden.test.TestProjectOverview" time="67.460" errors="0" timestamp="25 Jul 2019 08:08:56 GMT" skipped="0">
  <testcase classname="com.scotts.mygarden.test.TestProjectOverview" name="WhatYouNeedSection" time="67.460"/>
</testsuite> <!-- com.scotts.mygarden.test.TestProjectOverview -->
