<?xml version="1.0" encoding="UTF-8"?>
<!-- Generated by org.testng.reporters.JUnitReportReporter -->
<testsuite hostname="DESKTOP-3OLENNV" failures="0" tests="6" name="com.scotts.mygarden.test.TestSuccessPlans" time="355.593" errors="0" timestamp="20 Aug 2019 12:51:30 GMT" skipped="0">
  <testcase classname="com.scotts.mygarden.test.TestSuccessPlans" name="AllActivitesData" time="49.618"/>
  <testcase classname="com.scotts.mygarden.test.TestSuccessPlans" name="CancelDeleteSuccessPlan" time="71.354"/>
  <testcase classname="com.scotts.mygarden.test.TestSuccessPlans" name="ThisWeekDataVerify" time="58.876"/>
  <testcase classname="com.scotts.mygarden.test.TestSuccessPlans" name="InstructionsData" time="59.737"/>
  <testcase classname="com.scotts.mygarden.test.TestSuccessPlans" name="ActivityCompleted" time="62.463"/>
  <testcase classname="com.scotts.mygarden.test.TestSuccessPlans" name="DeleteSuccessPlan" time="53.545"/>
</testsuite> <!-- com.scotts.mygarden.test.TestSuccessPlans -->
