<?xml version="1.0" encoding="UTF-8"?>
<!-- Generated by org.testng.reporters.JUnitReportReporter -->
<testsuite hostname="DESKTOP-3OLENNV" failures="0" tests="3" name="com.scotts.mygarden.test.TestProjectOverview" time="192.445" errors="0" timestamp="20 Aug 2019 11:34:08 GMT" skipped="0">
  <testcase classname="com.scotts.mygarden.test.TestProjectOverview" name="WhatYouNeedSection" time="62.803"/>
  <testcase classname="com.scotts.mygarden.test.TestProjectOverview" name="NewSetupPlan" time="73.479"/>
  <testcase classname="com.scotts.mygarden.test.TestProjectOverview" name="ExistingPlan" time="56.163"/>
</testsuite> <!-- com.scotts.mygarden.test.TestProjectOverview -->
