<?xml version="1.0" encoding="UTF-8"?>
<!-- Generated by org.testng.reporters.JUnitReportReporter -->
<testsuite hostname="DESKTOP-3OLENNV" failures="0" tests="8" name="com.scotts.mygarden.test.TestLogin" time="360.343" errors="0" timestamp="28 Jun 2019 09:37:35 GMT" skipped="0">
  <testcase classname="com.scotts.mygarden.test.TestLogin" name="ValidLoginTC" time="48.081"/>
  <testcase classname="com.scotts.mygarden.test.TestLogin" name="InvalidEmailValidPwdTC" time="40.559"/>
  <testcase classname="com.scotts.mygarden.test.TestLogin" name="ValidEmailinValidPwdTC" time="46.193"/>
  <testcase classname="com.scotts.mygarden.test.TestLogin" name="InvalidEmailInvalidPwdTC" time="40.316"/>
  <testcase classname="com.scotts.mygarden.test.TestLogin" name="BlankEmailValidPwdTC" time="41.823"/>
  <testcase classname="com.scotts.mygarden.test.TestLogin" name="ValidEmailBlankPwd" time="42.671"/>
  <testcase classname="com.scotts.mygarden.test.TestLogin" name="SocialFbLogin" time="57.836"/>
  <testcase classname="com.scotts.mygarden.test.TestLogin" name="SocialGoogleLogin" time="42.864"/>
</testsuite> <!-- com.scotts.mygarden.test.TestLogin -->
