<?xml version="1.0" encoding="UTF-8"?>
<!-- Generated by org.testng.reporters.JUnitReportReporter -->
<testsuite hostname="DESKTOP-3OLENNV" failures="0" tests="6" name="com.scotts.mygarden.test.TestLogin" time="261.894" errors="0" timestamp="31 May 2019 06:47:13 GMT" skipped="0">
  <testcase classname="com.scotts.mygarden.test.TestLogin" name="ValidLogin" time="47.471"/>
  <testcase classname="com.scotts.mygarden.test.TestLogin" name="ValidEmailInvalidPwd" time="38.885"/>
  <testcase classname="com.scotts.mygarden.test.TestLogin" name="InvalidEmailValidPwd" time="47.522"/>
  <testcase classname="com.scotts.mygarden.test.TestLogin" name="InvalidEmailInvalidPwd" time="44.451"/>
  <testcase classname="com.scotts.mygarden.test.TestLogin" name="BlankEmailValidPwd" time="44.372"/>
  <testcase classname="com.scotts.mygarden.test.TestLogin" name="ValidEmailBlankPwd" time="39.193"/>
</testsuite> <!-- com.scotts.mygarden.test.TestLogin -->
