<?xml version="1.0" encoding="UTF-8"?>
<!-- Generated by org.testng.reporters.JUnitReportReporter -->
<testsuite hostname="DESKTOP-3OLENNV" failures="0" tests="4" name="com.scotts.mygarden.test.TestAccount" time="237.028" errors="0" timestamp="20 Aug 2019 11:17:53 GMT" skipped="0">
  <testcase classname="com.scotts.mygarden.test.TestAccount" name="TermsConditionsSection" time="56.272"/>
  <testcase classname="com.scotts.mygarden.test.TestAccount" name="PrivacyPolicySection" time="53.204"/>
  <testcase classname="com.scotts.mygarden.test.TestAccount" name="LogoutFunctionality" time="62.472"/>
  <testcase classname="com.scotts.mygarden.test.TestAccount" name="MyLawnAppSection" time="65.080"/>
</testsuite> <!-- com.scotts.mygarden.test.TestAccount -->
