<?xml version="1.0" encoding="UTF-8"?>
<!-- Generated by org.testng.reporters.JUnitReportReporter -->
<testsuite hostname="DESKTOP-3OLENNV" failures="0" tests="5" name="com.scotts.mygarden.test.TestExplorer" time="365.144" errors="0" timestamp="30 May 2019 11:51:11 GMT" skipped="0">
  <testcase classname="com.scotts.mygarden.test.TestExplorer" name="Edibles" time="77.968"/>
  <testcase classname="com.scotts.mygarden.test.TestExplorer" name="Decoratives" time="74.264"/>
  <testcase classname="com.scotts.mygarden.test.TestExplorer" name="Pests" time="70.008"/>
  <testcase classname="com.scotts.mygarden.test.TestExplorer" name="Weeds" time="72.355"/>
  <testcase classname="com.scotts.mygarden.test.TestExplorer" name="Diseases" time="70.549"/>
</testsuite> <!-- com.scotts.mygarden.test.TestExplorer -->
