<?xml version="1.0" encoding="UTF-8"?>
<!-- Generated by org.testng.reporters.JUnitReportReporter -->
<testsuite hostname="DESKTOP-3OLENNV" failures="0" tests="1" name="com.scotts.mygarden.test.TestSignup" time="89.001" errors="0" timestamp="20 Aug 2019 07:26:19 GMT" skipped="0">
  <testcase classname="com.scotts.mygarden.test.TestSignup" name="ValidSignUp" time="89.001"/>
</testsuite> <!-- com.scotts.mygarden.test.TestSignup -->
