<?xml version="1.0" encoding="UTF-8"?>
<!-- Generated by org.testng.reporters.JUnitReportReporter -->
<testsuite hostname="DESKTOP-3OLENNV" failures="0" tests="5" name="com.scotts.mygarden.test.TestExplorer" time="381.541" errors="0" timestamp="02 Aug 2019 13:02:53 GMT" skipped="0">
  <testcase classname="com.scotts.mygarden.test.TestExplorer" name="Pests" time="77.388"/>
  <testcase classname="com.scotts.mygarden.test.TestExplorer" name="Weeds" time="78.598"/>
  <testcase classname="com.scotts.mygarden.test.TestExplorer" name="Diseases" time="75.129"/>
  <testcase classname="com.scotts.mygarden.test.TestExplorer" name="Edibles" time="73.315"/>
  <testcase classname="com.scotts.mygarden.test.TestExplorer" name="Decoratives" time="77.111"/>
</testsuite> <!-- com.scotts.mygarden.test.TestExplorer -->
