<?xml version="1.0" encoding="UTF-8"?>
<!-- Generated by org.testng.reporters.JUnitReportReporter -->
<testsuite hostname="DESKTOP-3OLENNV" failures="0" tests="5" name="com.scotts.mygarden.test.TestProjectOverview" time="323.018" errors="0" timestamp="02 Aug 2019 13:02:53 GMT" skipped="0">
  <testcase classname="com.scotts.mygarden.test.TestProjectOverview" name="PrepPlantvideo" time="66.432"/>
  <testcase classname="com.scotts.mygarden.test.TestProjectOverview" name="PrepPlant" time="76.604"/>
  <testcase classname="com.scotts.mygarden.test.TestProjectOverview" name="Supplies" time="55.642"/>
  <testcase classname="com.scotts.mygarden.test.TestProjectOverview" name="WhatYouNeedSection" time="62.331"/>
  <testcase classname="com.scotts.mygarden.test.TestProjectOverview" name="NewSetupPlan" time="62.009"/>
</testsuite> <!-- com.scotts.mygarden.test.TestProjectOverview -->
