<?xml version="1.0" encoding="UTF-8"?>
<!-- Generated by org.testng.reporters.JUnitReportReporter -->
<testsuite hostname="DESKTOP-3OLENNV" failures="0" tests="1" name="com.scotts.mygarden.test.TestSuccessPlans" time="55.320" errors="0" timestamp="26 Jul 2019 10:06:21 GMT" skipped="0">
  <testcase classname="com.scotts.mygarden.test.TestSuccessPlans" name="AllActivitesData" time="55.320"/>
</testsuite> <!-- com.scotts.mygarden.test.TestSuccessPlans -->
