<?xml version="1.0" encoding="UTF-8"?>
<!-- Generated by org.testng.reporters.JUnitReportReporter -->
<testsuite hostname="DESKTOP-3OLENNV" failures="0" tests="8" name="com.scotts.mygarden.test.TestLogin" time="364.200" errors="0" timestamp="20 Aug 2019 09:02:17 GMT" skipped="0">
  <testcase classname="com.scotts.mygarden.test.TestLogin" name="SocialFbLogin" time="65.209"/>
  <testcase classname="com.scotts.mygarden.test.TestLogin" name="ValidLoginTC" time="54.093"/>
  <testcase classname="com.scotts.mygarden.test.TestLogin" name="SocialGoogleLogin" time="44.655"/>
  <testcase classname="com.scotts.mygarden.test.TestLogin" name="InvalidEmailValidPwdTC" time="40.049"/>
  <testcase classname="com.scotts.mygarden.test.TestLogin" name="ValidEmailinValidPwdTC" time="37.463"/>
  <testcase classname="com.scotts.mygarden.test.TestLogin" name="InvalidEmailInvalidPwdTC" time="45.211"/>
  <testcase classname="com.scotts.mygarden.test.TestLogin" name="BlankEmailValidPwdTC" time="40.102"/>
  <testcase classname="com.scotts.mygarden.test.TestLogin" name="ValidEmailBlankPwd" time="37.418"/>
</testsuite> <!-- com.scotts.mygarden.test.TestLogin -->
