<?xml version="1.0" encoding="UTF-8"?>
<!-- Generated by org.testng.reporters.JUnitReportReporter -->
<testsuite hostname="DESKTOP-3OLENNV" failures="0" tests="3" name="com.scotts.mygarden.test.TestLogin" time="148.091" errors="0" timestamp="02 Aug 2019 11:01:56 GMT" skipped="0">
  <testcase classname="com.scotts.mygarden.test.TestLogin" name="SocialGoogleLogin" time="35.449"/>
  <testcase classname="com.scotts.mygarden.test.TestLogin" name="SocialFbLogin" time="64.577"/>
  <testcase classname="com.scotts.mygarden.test.TestLogin" name="ValidLoginTC" time="48.065"/>
</testsuite> <!-- com.scotts.mygarden.test.TestLogin -->
