<?xml version="1.0" encoding="UTF-8"?>
<!-- Generated by org.testng.reporters.JUnitReportReporter -->
<testsuite hostname="DESKTOP-3OLENNV" failures="0" tests="5" name="com.scotts.mygarden.test.TestExplorer" time="425.715" errors="0" timestamp="20 Aug 2019 10:07:57 GMT" skipped="0">
  <testcase classname="com.scotts.mygarden.test.TestExplorer" name="Weeds" time="89.027"/>
  <testcase classname="com.scotts.mygarden.test.TestExplorer" name="Diseases" time="77.021"/>
  <testcase classname="com.scotts.mygarden.test.TestExplorer" name="Edibles" time="88.378"/>
  <testcase classname="com.scotts.mygarden.test.TestExplorer" name="Decoratives" time="86.981"/>
  <testcase classname="com.scotts.mygarden.test.TestExplorer" name="Pests" time="84.308"/>
</testsuite> <!-- com.scotts.mygarden.test.TestExplorer -->
