<?xml version="1.0" encoding="UTF-8"?>
<!-- Generated by org.testng.reporters.JUnitReportReporter -->
<testsuite hostname="DESKTOP-3OLENNV" failures="0" tests="2" name="com.scotts.mygarden.test.TestSignup" time="134.981" errors="0" timestamp="04 Jul 2019 11:44:43 GMT" skipped="0">
  <testcase classname="com.scotts.mygarden.test.TestSignup" name="ValidSignUp" time="84.479"/>
  <testcase classname="com.scotts.mygarden.test.TestSignup" name="GuestUserInterests" time="50.502"/>
</testsuite> <!-- com.scotts.mygarden.test.TestSignup -->
