<?xml version="1.0" encoding="UTF-8"?>
<!-- Generated by org.testng.reporters.JUnitReportReporter -->
<testsuite hostname="DESKTOP-3OLENNV" failures="0" tests="1" name="com.scotts.mygarden.test.TestProjectOverview" time="58.159" errors="0" timestamp="24 Jul 2019 12:31:06 GMT" skipped="0">
  <testcase classname="com.scotts.mygarden.test.TestProjectOverview" name="WhatYouNeedSection" time="58.159"/>
</testsuite> <!-- com.scotts.mygarden.test.TestProjectOverview -->
