<?xml version="1.0" encoding="UTF-8"?>
<!-- Generated by org.testng.reporters.JUnitReportReporter -->
<testsuite hostname="DESKTOP-3OLENNV" failures="0" tests="1" name="com.scotts.mygarden.test.TestGuestUserSignup" time="75.418" errors="0" timestamp="28 May 2019 12:36:50 GMT" skipped="0">
  <testcase classname="com.scotts.mygarden.test.TestGuestUserSignup" name="ValidSignUp" time="75.418"/>
</testsuite> <!-- com.scotts.mygarden.test.TestGuestUserSignup -->
