<?xml version="1.0" encoding="UTF-8"?>
<!-- Generated by org.testng.reporters.JUnitReportReporter -->
<testsuite hostname="DESKTOP-3OLENNV" failures="0" tests="3" name="com.scotts.mygarden.test.TestAccount" time="175.447" errors="0" timestamp="28 Jun 2019 07:09:27 GMT" skipped="0">
  <testcase classname="com.scotts.mygarden.test.TestAccount" name="PrivacyPolicySection" time="63.045"/>
  <testcase classname="com.scotts.mygarden.test.TestAccount" name="MyLawnAppSection" time="58.617"/>
  <testcase classname="com.scotts.mygarden.test.TestAccount" name="TermsConditionsSection" time="53.785"/>
</testsuite> <!-- com.scotts.mygarden.test.TestAccount -->
