<?xml version="1.0" encoding="UTF-8"?>
<!-- Generated by org.testng.reporters.JUnitReportReporter -->
<testsuite hostname="DESKTOP-3OLENNV" failures="0" tests="6" name="com.scotts.mygarden.test.TestExplorer" time="451.385" errors="0" timestamp="28 Jun 2019 09:25:45 GMT" skipped="0">
  <testcase classname="com.scotts.mygarden.test.TestExplorer" name="ExistingPlan" time="59.048"/>
  <testcase classname="com.scotts.mygarden.test.TestExplorer" name="Edibles" time="78.304"/>
  <testcase classname="com.scotts.mygarden.test.TestExplorer" name="Decoratives" time="77.010"/>
  <testcase classname="com.scotts.mygarden.test.TestExplorer" name="Pests" time="75.929"/>
  <testcase classname="com.scotts.mygarden.test.TestExplorer" name="Weeds" time="76.912"/>
  <testcase classname="com.scotts.mygarden.test.TestExplorer" name="Diseases" time="84.182"/>
</testsuite> <!-- com.scotts.mygarden.test.TestExplorer -->
