<?xml version="1.0" encoding="UTF-8"?>
<!-- Generated by org.testng.reporters.JUnitReportReporter -->
<testsuite hostname="DESKTOP-3OLENNV" failures="0" tests="2" name="com.scotts.mygarden.test.TestFreshTips" time="119.548" errors="0" timestamp="28 Jun 2019 09:28:35 GMT" skipped="0">
  <testcase classname="com.scotts.mygarden.test.TestFreshTips" name="HeroArticleData" time="59.055"/>
  <testcase classname="com.scotts.mygarden.test.TestFreshTips" name="FeedArticleData" time="60.493"/>
</testsuite> <!-- com.scotts.mygarden.test.TestFreshTips -->
