<?xml version="1.0" encoding="UTF-8"?>
<!-- Generated by org.testng.reporters.JUnitReportReporter -->
<testsuite hostname="DESKTOP-3OLENNV" failures="0" tests="2" name="com.scotts.mygarden.test.TestFreshTips" time="130.247" errors="0" timestamp="02 Aug 2019 13:02:53 GMT" skipped="0">
  <testcase classname="com.scotts.mygarden.test.TestFreshTips" name="FeedArticleData" time="74.123"/>
  <testcase classname="com.scotts.mygarden.test.TestFreshTips" name="HeroArticleData" time="56.124"/>
</testsuite> <!-- com.scotts.mygarden.test.TestFreshTips -->
