<?xml version="1.0" encoding="UTF-8"?>
<!-- Generated by org.testng.reporters.JUnitReportReporter -->
<testsuite hostname="DESKTOP-3OLENNV" failures="0" tests="3" name="com.scotts.mygarden.test.TestAccount" time="176.100" errors="0" timestamp="02 Aug 2019 13:02:53 GMT" skipped="0">
  <testcase classname="com.scotts.mygarden.test.TestAccount" name="PrivacyPolicySection" time="63.355"/>
  <testcase classname="com.scotts.mygarden.test.TestAccount" name="TermsConditionsSection" time="55.260"/>
  <testcase classname="com.scotts.mygarden.test.TestAccount" name="MyLawnAppSection" time="57.485"/>
</testsuite> <!-- com.scotts.mygarden.test.TestAccount -->
