<?xml version="1.0" encoding="UTF-8"?>
<!-- Generated by org.testng.reporters.JUnitReportReporter -->
<testsuite hostname="DESKTOP-3OLENNV" failures="0" tests="6" name="com.scotts.mygarden.test.TestLogin" time="267.155" errors="0" timestamp="10 Jun 2019 10:49:12 GMT" skipped="0">
  <testcase classname="com.scotts.mygarden.test.TestLogin" name="ValidLoginTC" time="47.036"/>
  <testcase classname="com.scotts.mygarden.test.TestLogin" name="InvalidEmailValidPwdTC" time="42.972"/>
  <testcase classname="com.scotts.mygarden.test.TestLogin" name="ValidEmailinValidPwdTC" time="46.042"/>
  <testcase classname="com.scotts.mygarden.test.TestLogin" name="InvalidEmailInvalidPwdTC" time="46.095"/>
  <testcase classname="com.scotts.mygarden.test.TestLogin" name="BlankEmailValidPwdTC" time="40.199"/>
  <testcase classname="com.scotts.mygarden.test.TestLogin" name="ValidEmailBlankPwd" time="44.811"/>
</testsuite> <!-- com.scotts.mygarden.test.TestLogin -->
