<?xml version="1.0" encoding="UTF-8"?>
<!-- Generated by org.testng.reporters.JUnitReportReporter -->
<testsuite hostname="DESKTOP-3OLENNV" failures="0" tests="2" name="com.scotts.mygarden.test.TestFreshTips" time="118.405" errors="0" timestamp="20 Aug 2019 10:21:12 GMT" skipped="0">
  <testcase classname="com.scotts.mygarden.test.TestFreshTips" name="HeroArticleData" time="49.644"/>
  <testcase classname="com.scotts.mygarden.test.TestFreshTips" name="FeedArticleData" time="68.761"/>
</testsuite> <!-- com.scotts.mygarden.test.TestFreshTips -->
